Timeout: 90 seconds
Heap restriction: 1024 MB
Command: (./plan prob-0-PR/O/pr-domain.pddl prob-0-PR/O/pr-problem.pddl pr-problem.res) >> pr-problem-0-O.log 2>&1

1. Running translator
Parsing...
Instantiating...
Trivial rules: Converted to facts.
Starting instantiation [318 rules]...
Finding invariants...
116 initial candidates
Instantiating groups...
Choosing groups...
90 uncovered facts
Building translation key...
Building STRIPS to SAS dictionary...
Translating task...
Processing axioms...
Detecting unreachable propositions... 13 propositions removed.
Writing output...
Done!
2. Running preprocessor
Building causal graph...
The causal graph is not acyclic.
35 variables of 103 necessary
56 of 156 operators necessary.
0 of 0 axiom rules necessary.
Building domain transition graphs...
solveable in poly time 0
Building successor generator...
Writing output...
done

3. Running search
Simplifying transitions... done!
Initializing HSP/FF heuristic...
Simplifying 62 unary operators... done! [62 unary operators]
Reading invariants from file...
File successfully deleted
done
Generating landmarks using the RPG/SAS+ approach
approx. reasonable orders
approx. obedient reasonable orders
Removed 0 reasonable or obedient reasonable orders
Generated 70 landmarks, of which 0 are disjunctive
          157 edges
35 initial landmarks, 11 goal landmarks
Landmarks generation time: 0 seconds
Search iteration 1
Using the following heuristic(s):
FF heuristic with preferred operators
Landmark heuristic with preferred operators
Initializing HSP/FF heuristic...
Simplifying 62 unary operators... done! [62 unary operators]
Initializing landmarks count heuristic...
Conducting best first search.
Best heuristic value: 70/68 [expanded 1 state(s)]
Best heuristic value: 66/64 [expanded 2 state(s)]
Best heuristic value: 64/62 [expanded 3 state(s)]
Best heuristic value: 62/60 [expanded 4 state(s)]
Best heuristic value: 60/58 [expanded 5 state(s)]
Best heuristic value: 58/56 [expanded 6 state(s)]
Best heuristic value: 56/54 [expanded 7 state(s)]
Best heuristic value: 54/52 [expanded 8 state(s)]
Best heuristic value: 52/50 [expanded 9 state(s)]
Best heuristic value: 50/48 [expanded 10 state(s)]
Best heuristic value: 48/46 [expanded 11 state(s)]
Best heuristic value: 44/44 [expanded 12 state(s)]
Best heuristic value: 42/42 [expanded 13 state(s)]
Best heuristic value: 40/40 [expanded 14 state(s)]
Best heuristic value: 38/38 [expanded 15 state(s)]
Best heuristic value: 36/36 [expanded 16 state(s)]
Best heuristic value: 34/34 [expanded 17 state(s)]
Best heuristic value: 32/32 [expanded 18 state(s)]
Best heuristic value: 30/30 [expanded 19 state(s)]
Best heuristic value: 28/28 [expanded 20 state(s)]
Best heuristic value: 26/26 [expanded 21 state(s)]
Best heuristic value: 24/24 [expanded 22 state(s)]
Best heuristic value: 22/22 [expanded 23 state(s)]
Best heuristic value: 20/20 [expanded 24 state(s)]
Best heuristic value: 18/18 [expanded 25 state(s)]
Best heuristic value: 16/16 [expanded 26 state(s)]
Best heuristic value: 14/14 [expanded 27 state(s)]
Best heuristic value: 12/12 [expanded 28 state(s)]
Best heuristic value: 10/10 [expanded 29 state(s)]
Best heuristic value: 8/8 [expanded 30 state(s)]
Best heuristic value: 6/6 [expanded 31 state(s)]
Best heuristic value: 4/4 [expanded 32 state(s)]
Best heuristic value: 2/2 [expanded 33 state(s)]
Solution found!
explain_obs_recon_leo_1  (1)
recon_libra  (1)
recon_aries  (1)
recon_virgo  (1)
recon_scorpio  (1)
recon_sagittarius  (1)
recon_andromeda  (1)
recon_cassiopea  (1)
recon_perseus  (1)
break-into_perseus  (1)
explain_obs_break-into_leo_1  (1)
explain_obs_modify-files_leo_1  (1)
recon_taurus  (1)
break-into_taurus  (1)
explain_obs_clean_leo_1  (1)
explain_obs_recon_taurus_1  (1)
explain_obs_break-into_taurus_1  (1)
explain_obs_modify-files_taurus_1  (1)
explain_obs_clean_taurus_1  (1)
explain_obs_recon_perseus_1  (1)
explain_obs_break-into_perseus_1  (1)
explain_obs_modify-files_perseus_1  (1)
explain_obs_clean_perseus_1  (1)
information-gathering_scorpio  (1)
information-gathering_aries  (1)
information-gathering_andromeda  (1)
information-gathering_virgo  (1)
information-gathering_leo  (1)
information-gathering_sagittarius  (1)
information-gathering_taurus  (1)
information-gathering_perseus  (1)
information-gathering_cassiopea  (1)
information-gathering_libra  (1)
Plan length: 33 step(s), cost: 33.
Expanded 34 state(s).
Generated 936 state(s).
Search time: 0 seconds
Total time: 0 seconds
Search iteration 2
Using the following heuristic(s):
FF heuristic with preferred operators
Landmark heuristic with preferred operators
Initializing landmarks count heuristic...
Conducting weighted A* search, weight is 5, bound is 33.
Best heuristic value: 70/68 [expanded 1 state(s)]
Best heuristic value: 66/64 [expanded 2 state(s)]
Best heuristic value: 64/62 [expanded 3 state(s)]
Best heuristic value: 62/60 [expanded 4 state(s)]
Best heuristic value: 60/58 [expanded 5 state(s)]
Best heuristic value: 58/56 [expanded 6 state(s)]
Best heuristic value: 56/54 [expanded 7 state(s)]
Best heuristic value: 54/52 [expanded 8 state(s)]
Best heuristic value: 52/50 [expanded 9 state(s)]
Best heuristic value: 50/48 [expanded 10 state(s)]
Best heuristic value: 48/46 [expanded 11 state(s)]
Best heuristic value: 44/44 [expanded 12 state(s)]
Best heuristic value: 42/42 [expanded 13 state(s)]
Best heuristic value: 40/40 [expanded 14 state(s)]
Best heuristic value: 38/38 [expanded 15 state(s)]
Best heuristic value: 36/36 [expanded 16 state(s)]
Best heuristic value: 34/34 [expanded 17 state(s)]
Best heuristic value: 32/32 [expanded 18 state(s)]
Best heuristic value: 30/30 [expanded 19 state(s)]
Best heuristic value: 28/28 [expanded 20 state(s)]
Best heuristic value: 26/26 [expanded 21 state(s)]
Best heuristic value: 24/24 [expanded 22 state(s)]
Best heuristic value: 22/22 [expanded 23 state(s)]
Best heuristic value: 20/20 [expanded 24 state(s)]
Best heuristic value: 18/18 [expanded 25 state(s)]
Best heuristic value: 16/16 [expanded 26 state(s)]
Best heuristic value: 14/14 [expanded 27 state(s)]
Best heuristic value: 12/12 [expanded 28 state(s)]
Best heuristic value: 10/10 [expanded 29 state(s)]
Best heuristic value: 8/8 [expanded 30 state(s)]
Best heuristic value: 6/6 [expanded 31 state(s)]
Best heuristic value: 4/4 [expanded 32 state(s)]
Best heuristic value: 2/2 [expanded 33 state(s)]
